2023/09/28 14:01:31 Démarrage du programme
2023/09/28 14:01:31 Démarrage de l'application localhost:3000
2023/09/28 14:01:31 Récupération des données terminée
2023/09/28 14:01:31 Décodage des données terminé
2023/09/28 14:01:31 Ecriture des données en cours... API-Github-GO
2023/09/28 14:01:31 Ecriture des données en cours... ApiRest-Go
2023/09/28 14:01:31 Ecriture des données en cours... React-App-Components
2023/09/28 14:01:31 Ecriture des données en cours... Zooland
2023/09/28 14:01:31 Ecriture des données en cours... Island-WEB-GL-THREE.JS
2023/09/28 14:01:31 Ecriture des données en cours... Web3-Project
2023/09/28 14:01:31 Ecriture des données en cours... Fleet-Management
2023/09/28 14:01:31 Ecriture des données en cours... React-ExpressApp-TS
2023/09/28 14:01:31 Ecriture des données en cours... TS-Init
2023/09/28 14:01:31 Ecriture des données en cours... PythonScripts
2023/09/28 14:01:31 Ecriture des données en cours... BindingOfIsaac
2023/09/28 14:01:31 Ecriture des données en cours... Automatisation-Bash-Linux
2023/09/28 14:01:31 Ecriture des données en cours... Crypto-App
2023/09/28 14:01:31 Ecriture des données en cours... projet-git-esgi
2023/09/28 14:01:31 Ecriture des données en cours... go-ethereum
2023/09/28 14:01:31 Ecriture des données en cours... Messagerie-Api-PHP
2023/09/28 14:01:31 Ecriture des données en cours... Portfolio
2023/09/28 14:01:31 Ecriture des données en cours... PortFolioEv
2023/09/28 14:01:31 Ecriture des données en cours... EASYSCOOTER
2023/09/28 14:01:31 Ecriture des données en cours... Blindly.fr
2023/09/28 14:01:31 Ecriture des données en cours... Bash-Scripts
2023/09/28 14:01:31 Ecriture des données en cours... openzeppelin-contracts
2023/09/28 14:01:31 Ecriture des données en cours... PinkyGraph
2023/09/28 14:01:31 Ecriture des données en cours... Firebase_WEB
2023/09/28 14:01:31 Ecriture des données en cours... C-Project
2023/09/28 14:01:31 Ecriture des données terminée
2023/09/28 14:01:31 Fichier CSV créé
2023/09/28 14:01:31 Fichier CSV créé
